# JRE version: OpenJDK Runtime Environment GraalVM CE 22.3.0 (17.0.5+8) (build 17.0.5+8-jvmci-22.3-b08)
# Java VM: OpenJDK 64-Bit Server VM GraalVM CE 22.3.0 (17.0.5+8-jvmci-22.3-b08, mixed mode, sharing, tiered, jvmci, jvmci compiler, compressed oops, compressed class ptrs, parallel gc, linux-amd64)
GC Precious Log:
 CPUs: 8 total, 1 available
 Memory: 1024M
 Large Page Support: Disabled
 NUMA Support: Disabled
 Compressed Oops: Enabled (32-bit)
 Alignments: Space 512K, Generation 512K, Heap 2M
 Heap Min Capacity: 100M
 Heap Initial Capacity: 100M
 Heap Max Capacity: 512M
 Pre-touch: Disabled
 Parallel Workers: 1
Heap:
 PSYoungGen      total 42496K, used 29184K [0x00000000f5580000, 0x00000000f9100000, 0x0000000100000000)
  eden space 29184K, 100% used [0x00000000f5580000,0x00000000f7200000,0x00000000f7200000)
  from space 13312K, 0% used [0x00000000f8400000,0x00000000f8400000,0x00000000f9100000)
  to   space 9216K, 0% used [0x00000000f7200000,0x00000000f7200000,0x00000000f7b00000)
 ParOldGen       total 349696K, used 349696K [0x00000000e0000000, 0x00000000f5580000, 0x00000000f5580000)
  object space 349696K, 100% used [0x00000000e0000000,0x00000000f5580000,0x00000000f5580000)
 Metaspace       used 62907K, committed 63936K, reserved 1114112K
  class space    used 6104K, committed 6592K, reserved 1048576K
GC Heap History (20 events):
Event: 1580.001 GC heap before
{Heap before GC invocations=844 (full 727):
 PSYoungGen      total 42496K, used 29183K [0x00000000f5580000, 0x00000000f9100000, 0x0000000100000000)
  eden space 29184K, 99% used [0x00000000f5580000,0x00000000f71ffff8,0x00000000f7200000)
  from space 13312K, 0% used [0x00000000f8400000,0x00000000f8400000,0x00000000f9100000)
  to   space 9216K, 0% used [0x00000000f7200000,0x00000000f7200000,0x00000000f7b00000)
 ParOldGen       total 349696K, used 349695K [0x00000000e0000000, 0x00000000f5580000, 0x00000000f5580000)
  object space 349696K, 99% used [0x00000000e0000000,0x00000000f557fc70,0x00000000f5580000)
 Metaspace       used 62907K, committed 63936K, reserved 1114112K
  class space    used 6104K, committed 6592K, reserved 1048576K
}
Event: 1582.192 GC heap after
{Heap after GC invocations=844 (full 727):
 PSYoungGen      total 38400K, used 29183K [0x00000000f5580000, 0x00000000f9100000, 0x0000000100000000)
  eden space 29184K, 99% used [0x00000000f5580000,0x00000000f71ffff8,0x00000000f7200000)
  from space 9216K, 0% used [0x00000000f7200000,0x00000000f7200000,0x00000000f7b00000)
  to   space 13312K, 0% used [0x00000000f8400000,0x00000000f8400000,0x00000000f9100000)
 ParOldGen       total 349696K, used 349695K [0x00000000e0000000, 0x00000000f5580000, 0x00000000f5580000)
  object space 349696K, 99% used [0x00000000e0000000,0x00000000f557fc70,0x00000000f5580000)
 Metaspace       used 62907K, committed 63936K, reserved 1114112K
  class space    used 6104K, committed 6592K, reserved 1048576K
}
Event: 1582.192 GC heap before
{Heap before GC invocations=845 (full 728):
 PSYoungGen      total 38400K, used 29183K [0x00000000f5580000, 0x00000000f9100000, 0x0000000100000000)
  eden space 29184K, 99% used [0x00000000f5580000,0x00000000f71ffff8,0x00000000f7200000)
  from space 9216K, 0% used [0x00000000f7200000,0x00000000f7200000,0x00000000f7b00000)
  to   space 13312K, 0% used [0x00000000f8400000,0x00000000f8400000,0x00000000f9100000)
 ParOldGen       total 349696K, used 349695K [0x00000000e0000000, 0x00000000f5580000, 0x00000000f5580000)
  object space 349696K, 99% used [0x00000000e0000000,0x00000000f557fff8,0x00000000f5580000)
 Metaspace       used 62907K, committed 63936K, reserved 1114112K
  class space    used 6104K, committed 6592K, reserved 1048576K
}
Event: 1586.114 GC heap after
{Heap after GC invocations=845 (full 728):
 PSYoungGen      total 42496K, used 29183K [0x00000000f5580000, 0x00000000f9100000, 0x0000000100000000)
  eden space 29184K, 99% used [0x00000000f5580000,0x00000000f71fff58,0x00000000f7200000)
  from space 13312K, 0% used [0x00000000f8400000,0x00000000f8400000,0x00000000f9100000)
  to   space 9216K, 0% used [0x00000000f7200000,0x00000000f7200000,0x00000000f7b00000)
 ParOldGen       total 349696K, used 349695K [0x00000000e0000000, 0x00000000f5580000, 0x00000000f5580000)
  object space 349696K, 99% used [0x00000000e0000000,0x00000000f557ffd8,0x00000000f5580000)
 Metaspace       used 62907K, committed 63936K, reserved 1114112K
  class space    used 6104K, committed 6592K, reserved 1048576K
}
Event: 1586.118 GC heap before
{Heap before GC invocations=846 (full 729):
 PSYoungGen      total 42496K, used 29183K [0x00000000f5580000, 0x00000000f9100000, 0x0000000100000000)
  eden space 29184K, 99% used [0x00000000f5580000,0x00000000f71ffff0,0x00000000f7200000)
  from space 13312K, 0% used [0x00000000f8400000,0x00000000f8400000,0x00000000f9100000)
  to   space 9216K, 0% used [0x00000000f7200000,0x00000000f7200000,0x00000000f7b00000)
 ParOldGen       total 349696K, used 349695K [0x00000000e0000000, 0x00000000f5580000, 0x00000000f5580000)
  object space 349696K, 99% used [0x00000000e0000000,0x00000000f557ffd8,0x00000000f5580000)
 Metaspace       used 62907K, committed 63936K, reserved 1114112K
  class space    used 6104K, committed 6592K, reserved 1048576K
}
Event: 1588.763 GC heap after
{Heap after GC invocations=846 (full 729):
 PSYoungGen      total 38400K, used 29183K [0x00000000f5580000, 0x00000000f9100000, 0x0000000100000000)
  eden space 29184K, 99% used [0x00000000f5580000,0x00000000f71fffc0,0x00000000f7200000)
  from space 9216K, 0% used [0x00000000f7200000,0x00000000f7200000,0x00000000f7b00000)
  to   space 13312K, 0% used [0x00000000f8400000,0x00000000f8400000,0x00000000f9100000)
 ParOldGen       total 349696K, used 349695K [0x00000000e0000000, 0x00000000f5580000, 0x00000000f5580000)
  object space 349696K, 99% used [0x00000000e0000000,0x00000000f557ffb8,0x00000000f5580000)
 Metaspace       used 62907K, committed 63936K, reserved 1114112K
  class space    used 6104K, committed 6592K, reserved 1048576K
}
Event: 1588.767 GC heap before
{Heap before GC invocations=847 (full 730):
 PSYoungGen      total 38400K, used 29183K [0x00000000f5580000, 0x00000000f9100000, 0x0000000100000000)
  eden space 29184K, 99% used [0x00000000f5580000,0x00000000f71ffff8,0x00000000f7200000)
  from space 9216K, 0% used [0x00000000f7200000,0x00000000f7200000,0x00000000f7b00000)
  to   space 13312K, 0% used [0x00000000f8400000,0x00000000f8400000,0x00000000f9100000)
 ParOldGen       total 349696K, used 349695K [0x00000000e0000000, 0x00000000f5580000, 0x00000000f5580000)
  object space 349696K, 99% used [0x00000000e0000000,0x00000000f557ffb8,0x00000000f5580000)
 Metaspace       used 62907K, committed 63936K, reserved 1114112K
  class space    used 6104K, committed 6592K, reserved 1048576K
}
Event: 1591.193 GC heap after
{Heap after GC invocations=847 (full 730):
 PSYoungGen      total 42496K, used 29183K [0x00000000f5580000, 0x00000000f9100000, 0x0000000100000000)
  eden space 29184K, 99% used [0x00000000f5580000,0x00000000f71fffd8,0x00000000f7200000)
  from space 13312K, 0% used [0x00000000f8400000,0x00000000f8400000,0x00000000f9100000)
  to   space 9216K, 0% used [0x00000000f7200000,0x00000000f7200000,0x00000000f7b00000)
 ParOldGen       total 349696K, used 349695K [0x00000000e0000000, 0x00000000f5580000, 0x00000000f5580000)
  object space 349696K, 99% used [0x00000000e0000000,0x00000000f557ffb8,0x00000000f5580000)
 Metaspace       used 62907K, committed 63936K, reserved 1114112K
  class space    used 6104K, committed 6592K, reserved 1048576K
}
Event: 1591.193 GC heap before
{Heap before GC invocations=848 (full 731):
 PSYoungGen      total 42496K, used 29183K [0x00000000f5580000, 0x00000000f9100000, 0x0000000100000000)
  eden space 29184K, 99% used [0x00000000f5580000,0x00000000f71ffff0,0x00000000f7200000)
  from space 13312K, 0% used [0x00000000f8400000,0x00000000f8400000,0x00000000f9100000)
  to   space 9216K, 0% used [0x00000000f7200000,0x00000000f7200000,0x00000000f7b00000)
 ParOldGen       total 349696K, used 349695K [0x00000000e0000000, 0x00000000f5580000, 0x00000000f5580000)
  object space 349696K, 99% used [0x00000000e0000000,0x00000000f557ffe8,0x00000000f5580000)
 Metaspace       used 62907K, committed 63936K, reserved 1114112K
  class space    used 6104K, committed 6592K, reserved 1048576K
}
Event: 1593.251 GC heap after
{Heap after GC invocations=848 (full 731):
 PSYoungGen      total 38400K, used 29183K [0x00000000f5580000, 0x00000000f9100000, 0x0000000100000000)
  eden space 29184K, 99% used [0x00000000f5580000,0x00000000f71fffd8,0x00000000f7200000)
  from space 9216K, 0% used [0x00000000f7200000,0x00000000f7200000,0x00000000f7b00000)
  to   space 13312K, 0% used [0x00000000f8400000,0x00000000f8400000,0x00000000f9100000)
 ParOldGen       total 349696K, used 349695K [0x00000000e0000000, 0x00000000f5580000, 0x00000000f5580000)
  object space 349696K, 99% used [0x00000000e0000000,0x00000000f557ffe8,0x00000000f5580000)
 Metaspace       used 62907K, committed 63936K, reserved 1114112K
  class space    used 6104K, committed 6592K, reserved 1048576K
}
Event: 1593.251 GC heap before
{Heap before GC invocations=849 (full 732):
 PSYoungGen      total 38400K, used 29183K [0x00000000f5580000, 0x00000000f9100000, 0x0000000100000000)
  eden space 29184K, 99% used [0x00000000f5580000,0x00000000f71fffd8,0x00000000f7200000)
  from space 9216K, 0% used [0x00000000f7200000,0x00000000f7200000,0x00000000f7b00000)
  to   space 13312K, 0% used [0x00000000f8400000,0x00000000f8400000,0x00000000f9100000)
 ParOldGen       total 349696K, used 349695K [0x00000000e0000000, 0x00000000f5580000, 0x00000000f5580000)
  object space 349696K, 99% used [0x00000000e0000000,0x00000000f557ffe8,0x00000000f5580000)
 Metaspace       used 62907K, committed 63936K, reserved 1114112K
  class space    used 6104K, committed 6592K, reserved 1048576K
}
Event: 1595.451 GC heap after
{Heap after GC invocations=849 (full 732):
 PSYoungGen      total 42496K, used 29183K [0x00000000f5580000, 0x00000000f9100000, 0x0000000100000000)
  eden space 29184K, 99% used [0x00000000f5580000,0x00000000f71fffd8,0x00000000f7200000)
  from space 13312K, 0% used [0x00000000f8400000,0x00000000f8400000,0x00000000f9100000)
  to   space 9216K, 0% used [0x00000000f7200000,0x00000000f7200000,0x00000000f7b00000)
 ParOldGen       total 349696K, used 349695K [0x00000000e0000000, 0x00000000f5580000, 0x00000000f5580000)
  object space 349696K, 99% used [0x00000000e0000000,0x00000000f557ffe8,0x00000000f5580000)
 Metaspace       used 62907K, committed 63936K, reserved 1114112K
  class space    used 6104K, committed 6592K, reserved 1048576K
}
Event: 1595.454 GC heap before
{Heap before GC invocations=850 (full 733):
 PSYoungGen      total 42496K, used 29183K [0x00000000f5580000, 0x00000000f9100000, 0x0000000100000000)
  eden space 29184K, 99% used [0x00000000f5580000,0x00000000f71ffff8,0x00000000f7200000)
  from space 13312K, 0% used [0x00000000f8400000,0x00000000f8400000,0x00000000f9100000)
  to   space 9216K, 0% used [0x00000000f7200000,0x00000000f7200000,0x00000000f7b00000)
 ParOldGen       total 349696K, used 349695K [0x00000000e0000000, 0x00000000f5580000, 0x00000000f5580000)
  object space 349696K, 99% used [0x00000000e0000000,0x00000000f557ffe8,0x00000000f5580000)
 Metaspace       used 62907K, committed 63936K, reserved 1114112K
  class space    used 6104K, committed 6592K, reserved 1048576K
}
Event: 1597.549 GC heap after
{Heap after GC invocations=850 (full 733):
 PSYoungGen      total 38400K, used 29183K [0x00000000f5580000, 0x00000000f9100000, 0x0000000100000000)
  eden space 29184K, 99% used [0x00000000f5580000,0x00000000f71ffff8,0x00000000f7200000)
  from space 9216K, 0% used [0x00000000f7200000,0x00000000f7200000,0x00000000f7b00000)
  to   space 13312K, 0% used [0x00000000f8400000,0x00000000f8400000,0x00000000f9100000)
 ParOldGen       total 349696K, used 349695K [0x00000000e0000000, 0x00000000f5580000, 0x00000000f5580000)
  object space 349696K, 99% used [0x00000000e0000000,0x00000000f557fcf8,0x00000000f5580000)
 Metaspace       used 62907K, committed 63936K, reserved 1114112K
  class space    used 6104K, committed 6592K, reserved 1048576K
}
Event: 1597.552 GC heap before
{Heap before GC invocations=851 (full 734):
 PSYoungGen      total 38400K, used 29183K [0x00000000f5580000, 0x00000000f9100000, 0x0000000100000000)
  eden space 29184K, 99% used [0x00000000f5580000,0x00000000f71ffff8,0x00000000f7200000)
  from space 9216K, 0% used [0x00000000f7200000,0x00000000f7200000,0x00000000f7b00000)
  to   space 13312K, 0% used [0x00000000f8400000,0x00000000f8400000,0x00000000f9100000)
 ParOldGen       total 349696K, used 349696K [0x00000000e0000000, 0x00000000f5580000, 0x00000000f5580000)
  object space 349696K, 100% used [0x00000000e0000000,0x00000000f5580000,0x00000000f5580000)
 Metaspace       used 62907K, committed 63936K, reserved 1114112K
  class space    used 6104K, committed 6592K, reserved 1048576K
}
Event: 1599.589 GC heap after
{Heap after GC invocations=851 (full 734):
 PSYoungGen      total 42496K, used 29183K [0x00000000f5580000, 0x00000000f9100000, 0x0000000100000000)
  eden space 29184K, 99% used [0x00000000f5580000,0x00000000f71fff98,0x00000000f7200000)
  from space 13312K, 0% used [0x00000000f8400000,0x00000000f8400000,0x00000000f9100000)
  to   space 9216K, 0% used [0x00000000f7200000,0x00000000f7200000,0x00000000f7b00000)
 ParOldGen       total 349696K, used 349696K [0x00000000e0000000, 0x00000000f5580000, 0x00000000f5580000)
  object space 349696K, 100% used [0x00000000e0000000,0x00000000f5580000,0x00000000f5580000)
 Metaspace       used 62907K, committed 63936K, reserved 1114112K
  class space    used 6104K, committed 6592K, reserved 1048576K
}
Event: 1599.589 GC heap before
{Heap before GC invocations=852 (full 735):
 PSYoungGen      total 42496K, used 29184K [0x00000000f5580000, 0x00000000f9100000, 0x0000000100000000)
  eden space 29184K, 100% used [0x00000000f5580000,0x00000000f7200000,0x00000000f7200000)
  from space 13312K, 0% used [0x00000000f8400000,0x00000000f8400000,0x00000000f9100000)
  to   space 9216K, 0% used [0x00000000f7200000,0x00000000f7200000,0x00000000f7b00000)
 ParOldGen       total 349696K, used 349696K [0x00000000e0000000, 0x00000000f5580000, 0x00000000f5580000)
  object space 349696K, 100% used [0x00000000e0000000,0x00000000f5580000,0x00000000f5580000)
 Metaspace       used 62907K, committed 63936K, reserved 1114112K
  class space    used 6104K, committed 6592K, reserved 1048576K
}
Event: 1601.462 GC heap after
{Heap after GC invocations=852 (full 735):
 PSYoungGen      total 38400K, used 29183K [0x00000000f5580000, 0x00000000f9100000, 0x0000000100000000)
  eden space 29184K, 99% used [0x00000000f5580000,0x00000000f71fffe0,0x00000000f7200000)
  from space 9216K, 0% used [0x00000000f7200000,0x00000000f7200000,0x00000000f7b00000)
  to   space 13312K, 0% used [0x00000000f8400000,0x00000000f8400000,0x00000000f9100000)
 ParOldGen       total 349696K, used 349696K [0x00000000e0000000, 0x00000000f5580000, 0x00000000f5580000)
  object space 349696K, 100% used [0x00000000e0000000,0x00000000f5580000,0x00000000f5580000)
 Metaspace       used 62907K, committed 63936K, reserved 1114112K
  class space    used 6104K, committed 6592K, reserved 1048576K
}
Event: 1601.462 GC heap before
{Heap before GC invocations=853 (full 736):
 PSYoungGen      total 38400K, used 29183K [0x00000000f5580000, 0x00000000f9100000, 0x0000000100000000)
  eden space 29184K, 99% used [0x00000000f5580000,0x00000000f71fffe0,0x00000000f7200000)
  from space 9216K, 0% used [0x00000000f7200000,0x00000000f7200000,0x00000000f7b00000)
  to   space 13312K, 0% used [0x00000000f8400000,0x00000000f8400000,0x00000000f9100000)
 ParOldGen       total 349696K, used 349696K [0x00000000e0000000, 0x00000000f5580000, 0x00000000f5580000)
  object space 349696K, 100% used [0x00000000e0000000,0x00000000f5580000,0x00000000f5580000)
 Metaspace       used 62907K, committed 63936K, reserved 1114112K
  class space    used 6104K, committed 6592K, reserved 1048576K
}
Event: 1603.519 GC heap after
{Heap after GC invocations=853 (full 736):
 PSYoungGen      total 42496K, used 29183K [0x00000000f5580000, 0x00000000f9100000, 0x0000000100000000)
  eden space 29184K, 99% used [0x00000000f5580000,0x00000000f71fffe0,0x00000000f7200000)
  from space 13312K, 0% used [0x00000000f8400000,0x00000000f8400000,0x00000000f9100000)
  to   space 9216K, 0% used [0x00000000f7200000,0x00000000f7200000,0x00000000f7b00000)
 ParOldGen       total 349696K, used 349696K [0x00000000e0000000, 0x00000000f5580000, 0x00000000f5580000)
  object space 349696K, 100% used [0x00000000e0000000,0x00000000f5580000,0x00000000f5580000)
 Metaspace       used 62907K, committed 63936K, reserved 1114112K
  class space    used 6104K, committed 6592K, reserved 1048576K
}

